C:\USERS\CHRIS\DOCUMENTS\VISUAL STUDIO 2012\PROJECTS\CMPSC 122 - LAB 13\CMPSC 122 - LAB 13\DEBUG\LAB13.OBJ
C:\USERS\CHRIS\DOCUMENTS\VISUAL STUDIO 2012\PROJECTS\CMPSC 122 - LAB 13\CMPSC 122 - LAB 13\DEBUG\VC110.PDB
C:\USERS\CHRIS\DOCUMENTS\VISUAL STUDIO 2012\PROJECTS\CMPSC 122 - LAB 13\DEBUG\CMPSC 122 - LAB 13.ILK
C:\USERS\CHRIS\DOCUMENTS\VISUAL STUDIO 2012\PROJECTS\CMPSC 122 - LAB 13\DEBUG\CMPSC 122 - LAB 13.EXE
C:\USERS\CHRIS\DOCUMENTS\VISUAL STUDIO 2012\PROJECTS\CMPSC 122 - LAB 13\DEBUG\CMPSC 122 - LAB 13.PDB
c:\Users\Chris\documents\visual studio 2012\Projects\CMPSC 122 - LAB 13\CMPSC 122 - LAB 13\Debug\lab13.obj
c:\Users\Chris\documents\visual studio 2012\Projects\CMPSC 122 - LAB 13\CMPSC 122 - LAB 13\Debug\cl.command.1.tlog
c:\Users\Chris\documents\visual studio 2012\Projects\CMPSC 122 - LAB 13\CMPSC 122 - LAB 13\Debug\CL.read.1.tlog
c:\Users\Chris\documents\visual studio 2012\Projects\CMPSC 122 - LAB 13\CMPSC 122 - LAB 13\Debug\CL.write.1.tlog
c:\Users\Chris\documents\visual studio 2012\Projects\CMPSC 122 - LAB 13\CMPSC 122 - LAB 13\Debug\link-cvtres.read.1.tlog
c:\Users\Chris\documents\visual studio 2012\Projects\CMPSC 122 - LAB 13\CMPSC 122 - LAB 13\Debug\link-cvtres.write.1.tlog
c:\Users\Chris\documents\visual studio 2012\Projects\CMPSC 122 - LAB 13\CMPSC 122 - LAB 13\Debug\link-rc.read.1.tlog
c:\Users\Chris\documents\visual studio 2012\Projects\CMPSC 122 - LAB 13\CMPSC 122 - LAB 13\Debug\link-rc.write.1.tlog
c:\Users\Chris\documents\visual studio 2012\Projects\CMPSC 122 - LAB 13\CMPSC 122 - LAB 13\Debug\link.command.1.tlog
c:\Users\Chris\documents\visual studio 2012\Projects\CMPSC 122 - LAB 13\CMPSC 122 - LAB 13\Debug\link.read.1.tlog
c:\Users\Chris\documents\visual studio 2012\Projects\CMPSC 122 - LAB 13\CMPSC 122 - LAB 13\Debug\link.write.1.tlog
c:\Users\Chris\documents\visual studio 2012\Projects\CMPSC 122 - LAB 13\CMPSC 122 - LAB 13\Debug\vc110.idb
c:\Users\Chris\documents\visual studio 2012\Projects\CMPSC 122 - LAB 13\CMPSC 122 - LAB 13\Debug\vc110.pdb
c:\users\chris\documents\visual studio 2012\Projects\CMPSC 122 - LAB 13\Debug\CMPSC 122 - LAB 13.pdb
c:\users\chris\documents\visual studio 2012\Projects\CMPSC 122 - LAB 13\Debug\CMPSC 122 - LAB 13.exe
c:\users\chris\documents\visual studio 2012\Projects\CMPSC 122 - LAB 13\Debug\CMPSC 122 - LAB 13.ilk
