C:\USERS\CHRIS\DOCUMENTS\VISUAL STUDIO 2012\PROJECTS\CMPSC 122 - LAB 10\CMPSC 122 - LAB 10\DEBUG\LAB10.OBJ
C:\USERS\CHRIS\DOCUMENTS\VISUAL STUDIO 2012\PROJECTS\CMPSC 122 - LAB 10\CMPSC 122 - LAB 10\DEBUG\VC110.PDB
C:\USERS\CHRIS\DOCUMENTS\VISUAL STUDIO 2012\PROJECTS\CMPSC 122 - LAB 10\DEBUG\CMPSC 122 - LAB 10.ILK
C:\USERS\CHRIS\DOCUMENTS\VISUAL STUDIO 2012\PROJECTS\CMPSC 122 - LAB 10\DEBUG\CMPSC 122 - LAB 10.EXE
C:\USERS\CHRIS\DOCUMENTS\VISUAL STUDIO 2012\PROJECTS\CMPSC 122 - LAB 10\DEBUG\CMPSC 122 - LAB 10.PDB
c:\Users\Chris\documents\visual studio 2012\Projects\CMPSC 122 - LAB 10\CMPSC 122 - LAB 10\Debug\lab10.obj
c:\Users\Chris\documents\visual studio 2012\Projects\CMPSC 122 - LAB 10\CMPSC 122 - LAB 10\Debug\cl.command.1.tlog
c:\Users\Chris\documents\visual studio 2012\Projects\CMPSC 122 - LAB 10\CMPSC 122 - LAB 10\Debug\CL.read.1.tlog
c:\Users\Chris\documents\visual studio 2012\Projects\CMPSC 122 - LAB 10\CMPSC 122 - LAB 10\Debug\CL.write.1.tlog
c:\Users\Chris\documents\visual studio 2012\Projects\CMPSC 122 - LAB 10\CMPSC 122 - LAB 10\Debug\link-cvtres.read.1.tlog
c:\Users\Chris\documents\visual studio 2012\Projects\CMPSC 122 - LAB 10\CMPSC 122 - LAB 10\Debug\link-cvtres.write.1.tlog
c:\Users\Chris\documents\visual studio 2012\Projects\CMPSC 122 - LAB 10\CMPSC 122 - LAB 10\Debug\link-rc.read.1.tlog
c:\Users\Chris\documents\visual studio 2012\Projects\CMPSC 122 - LAB 10\CMPSC 122 - LAB 10\Debug\link-rc.write.1.tlog
c:\Users\Chris\documents\visual studio 2012\Projects\CMPSC 122 - LAB 10\CMPSC 122 - LAB 10\Debug\link.command.1.tlog
c:\Users\Chris\documents\visual studio 2012\Projects\CMPSC 122 - LAB 10\CMPSC 122 - LAB 10\Debug\link.read.1.tlog
c:\Users\Chris\documents\visual studio 2012\Projects\CMPSC 122 - LAB 10\CMPSC 122 - LAB 10\Debug\link.write.1.tlog
c:\Users\Chris\documents\visual studio 2012\Projects\CMPSC 122 - LAB 10\CMPSC 122 - LAB 10\Debug\vc110.idb
c:\Users\Chris\documents\visual studio 2012\Projects\CMPSC 122 - LAB 10\CMPSC 122 - LAB 10\Debug\vc110.pdb
c:\users\chris\documents\visual studio 2012\Projects\CMPSC 122 - LAB 10\Debug\CMPSC 122 - LAB 10.pdb
c:\users\chris\documents\visual studio 2012\Projects\CMPSC 122 - LAB 10\Debug\CMPSC 122 - LAB 10.exe
c:\users\chris\documents\visual studio 2012\Projects\CMPSC 122 - LAB 10\Debug\CMPSC 122 - LAB 10.ilk
