C:\USERS\CHRIS\DOCUMENTS\VISUAL STUDIO 2012\PROJECTS\CMPSC 122 - LAB 16\CMPSC 122 - LAB 16\DEBUG\LAB16.OBJ
C:\USERS\CHRIS\DOCUMENTS\VISUAL STUDIO 2012\PROJECTS\CMPSC 122 - LAB 16\CMPSC 122 - LAB 16\DEBUG\VC110.PDB
C:\USERS\CHRIS\DOCUMENTS\VISUAL STUDIO 2012\PROJECTS\CMPSC 122 - LAB 16\DEBUG\CMPSC 122 - LAB 16.ILK
C:\USERS\CHRIS\DOCUMENTS\VISUAL STUDIO 2012\PROJECTS\CMPSC 122 - LAB 16\DEBUG\CMPSC 122 - LAB 16.EXE
C:\USERS\CHRIS\DOCUMENTS\VISUAL STUDIO 2012\PROJECTS\CMPSC 122 - LAB 16\DEBUG\CMPSC 122 - LAB 16.PDB
c:\Users\Chris\documents\visual studio 2012\Projects\CMPSC 122 - LAB 16\CMPSC 122 - LAB 16\Debug\lab16.obj
c:\Users\Chris\documents\visual studio 2012\Projects\CMPSC 122 - LAB 16\CMPSC 122 - LAB 16\Debug\cl.command.1.tlog
c:\Users\Chris\documents\visual studio 2012\Projects\CMPSC 122 - LAB 16\CMPSC 122 - LAB 16\Debug\CL.read.1.tlog
c:\Users\Chris\documents\visual studio 2012\Projects\CMPSC 122 - LAB 16\CMPSC 122 - LAB 16\Debug\CL.write.1.tlog
c:\Users\Chris\documents\visual studio 2012\Projects\CMPSC 122 - LAB 16\CMPSC 122 - LAB 16\Debug\link-cvtres.read.1.tlog
c:\Users\Chris\documents\visual studio 2012\Projects\CMPSC 122 - LAB 16\CMPSC 122 - LAB 16\Debug\link-cvtres.write.1.tlog
c:\Users\Chris\documents\visual studio 2012\Projects\CMPSC 122 - LAB 16\CMPSC 122 - LAB 16\Debug\link-rc.read.1.tlog
c:\Users\Chris\documents\visual studio 2012\Projects\CMPSC 122 - LAB 16\CMPSC 122 - LAB 16\Debug\link-rc.write.1.tlog
c:\Users\Chris\documents\visual studio 2012\Projects\CMPSC 122 - LAB 16\CMPSC 122 - LAB 16\Debug\link.command.1.tlog
c:\Users\Chris\documents\visual studio 2012\Projects\CMPSC 122 - LAB 16\CMPSC 122 - LAB 16\Debug\link.read.1.tlog
c:\Users\Chris\documents\visual studio 2012\Projects\CMPSC 122 - LAB 16\CMPSC 122 - LAB 16\Debug\link.write.1.tlog
c:\Users\Chris\documents\visual studio 2012\Projects\CMPSC 122 - LAB 16\CMPSC 122 - LAB 16\Debug\vc110.idb
c:\Users\Chris\documents\visual studio 2012\Projects\CMPSC 122 - LAB 16\CMPSC 122 - LAB 16\Debug\vc110.pdb
c:\users\chris\documents\visual studio 2012\Projects\CMPSC 122 - LAB 16\Debug\CMPSC 122 - LAB 16.pdb
c:\users\chris\documents\visual studio 2012\Projects\CMPSC 122 - LAB 16\Debug\CMPSC 122 - LAB 16.exe
c:\users\chris\documents\visual studio 2012\Projects\CMPSC 122 - LAB 16\Debug\CMPSC 122 - LAB 16.ilk
