C:\USERS\CHRIS\DOCUMENTS\VISUAL STUDIO 2012\PROJECTS\CMPSC 122 - LAB 18\CMPSC 122 - LAB 18\DEBUG\LAB18.OBJ
C:\USERS\CHRIS\DOCUMENTS\VISUAL STUDIO 2012\PROJECTS\CMPSC 122 - LAB 18\CMPSC 122 - LAB 18\DEBUG\VC110.PDB
C:\USERS\CHRIS\DOCUMENTS\VISUAL STUDIO 2012\PROJECTS\CMPSC 122 - LAB 18\DEBUG\CMPSC 122 - LAB 18.ILK
C:\USERS\CHRIS\DOCUMENTS\VISUAL STUDIO 2012\PROJECTS\CMPSC 122 - LAB 18\DEBUG\CMPSC 122 - LAB 18.EXE
C:\USERS\CHRIS\DOCUMENTS\VISUAL STUDIO 2012\PROJECTS\CMPSC 122 - LAB 18\DEBUG\CMPSC 122 - LAB 18.PDB
c:\Users\Chris\documents\visual studio 2012\Projects\CMPSC 122 - LAB 18\CMPSC 122 - LAB 18\Debug\cl.command.1.tlog
c:\Users\Chris\documents\visual studio 2012\Projects\CMPSC 122 - LAB 18\CMPSC 122 - LAB 18\Debug\CL.read.1.tlog
c:\Users\Chris\documents\visual studio 2012\Projects\CMPSC 122 - LAB 18\CMPSC 122 - LAB 18\Debug\CL.write.1.tlog
c:\Users\Chris\documents\visual studio 2012\Projects\CMPSC 122 - LAB 18\CMPSC 122 - LAB 18\Debug\link-cvtres.read.1.tlog
c:\Users\Chris\documents\visual studio 2012\Projects\CMPSC 122 - LAB 18\CMPSC 122 - LAB 18\Debug\link-cvtres.write.1.tlog
c:\Users\Chris\documents\visual studio 2012\Projects\CMPSC 122 - LAB 18\CMPSC 122 - LAB 18\Debug\link-rc.read.1.tlog
c:\Users\Chris\documents\visual studio 2012\Projects\CMPSC 122 - LAB 18\CMPSC 122 - LAB 18\Debug\link-rc.write.1.tlog
c:\Users\Chris\documents\visual studio 2012\Projects\CMPSC 122 - LAB 18\CMPSC 122 - LAB 18\Debug\link.command.1.tlog
c:\Users\Chris\documents\visual studio 2012\Projects\CMPSC 122 - LAB 18\CMPSC 122 - LAB 18\Debug\link.read.1.tlog
c:\Users\Chris\documents\visual studio 2012\Projects\CMPSC 122 - LAB 18\CMPSC 122 - LAB 18\Debug\link.write.1.tlog
c:\Users\Chris\documents\visual studio 2012\Projects\CMPSC 122 - LAB 18\CMPSC 122 - LAB 18\Debug\vc110.idb
c:\Users\Chris\documents\visual studio 2012\Projects\CMPSC 122 - LAB 18\CMPSC 122 - LAB 18\Debug\vc110.pdb
c:\users\chris\documents\visual studio 2012\Projects\CMPSC 122 - LAB 18\Debug\CMPSC 122 - LAB 18.pdb
c:\users\chris\documents\visual studio 2012\Projects\CMPSC 122 - LAB 18\Debug\CMPSC 122 - LAB 18.exe
c:\users\chris\documents\visual studio 2012\Projects\CMPSC 122 - LAB 18\Debug\CMPSC 122 - LAB 18.ilk
