C:\USERS\CHRIS\DOCUMENTS\VISUAL STUDIO 2012\PROJECTS\CMPSC 122 - LAB 17\CMPSC 122 - LAB 17\DEBUG\LAB17.OBJ
C:\USERS\CHRIS\DOCUMENTS\VISUAL STUDIO 2012\PROJECTS\CMPSC 122 - LAB 17\CMPSC 122 - LAB 17\DEBUG\VC110.PDB
C:\USERS\CHRIS\DOCUMENTS\VISUAL STUDIO 2012\PROJECTS\CMPSC 122 - LAB 17\DEBUG\CMPSC 122 - LAB 17.ILK
C:\USERS\CHRIS\DOCUMENTS\VISUAL STUDIO 2012\PROJECTS\CMPSC 122 - LAB 17\DEBUG\CMPSC 122 - LAB 17.EXE
C:\USERS\CHRIS\DOCUMENTS\VISUAL STUDIO 2012\PROJECTS\CMPSC 122 - LAB 17\DEBUG\CMPSC 122 - LAB 17.PDB
c:\Users\Chris\documents\visual studio 2012\Projects\CMPSC 122 - LAB 17\CMPSC 122 - LAB 17\Debug\lab17.obj
c:\Users\Chris\documents\visual studio 2012\Projects\CMPSC 122 - LAB 17\CMPSC 122 - LAB 17\Debug\cl.command.1.tlog
c:\Users\Chris\documents\visual studio 2012\Projects\CMPSC 122 - LAB 17\CMPSC 122 - LAB 17\Debug\CL.read.1.tlog
c:\Users\Chris\documents\visual studio 2012\Projects\CMPSC 122 - LAB 17\CMPSC 122 - LAB 17\Debug\CL.write.1.tlog
c:\Users\Chris\documents\visual studio 2012\Projects\CMPSC 122 - LAB 17\CMPSC 122 - LAB 17\Debug\link-cvtres.read.1.tlog
c:\Users\Chris\documents\visual studio 2012\Projects\CMPSC 122 - LAB 17\CMPSC 122 - LAB 17\Debug\link-cvtres.write.1.tlog
c:\Users\Chris\documents\visual studio 2012\Projects\CMPSC 122 - LAB 17\CMPSC 122 - LAB 17\Debug\link-rc.read.1.tlog
c:\Users\Chris\documents\visual studio 2012\Projects\CMPSC 122 - LAB 17\CMPSC 122 - LAB 17\Debug\link-rc.write.1.tlog
c:\Users\Chris\documents\visual studio 2012\Projects\CMPSC 122 - LAB 17\CMPSC 122 - LAB 17\Debug\link.4080-cvtres.read.1.tlog
c:\Users\Chris\documents\visual studio 2012\Projects\CMPSC 122 - LAB 17\CMPSC 122 - LAB 17\Debug\link.4080-cvtres.write.1.tlog
c:\Users\Chris\documents\visual studio 2012\Projects\CMPSC 122 - LAB 17\CMPSC 122 - LAB 17\Debug\link.4080-rc.read.1.tlog
c:\Users\Chris\documents\visual studio 2012\Projects\CMPSC 122 - LAB 17\CMPSC 122 - LAB 17\Debug\link.4080-rc.write.1.tlog
c:\Users\Chris\documents\visual studio 2012\Projects\CMPSC 122 - LAB 17\CMPSC 122 - LAB 17\Debug\link.4080.read.1.tlog
c:\Users\Chris\documents\visual studio 2012\Projects\CMPSC 122 - LAB 17\CMPSC 122 - LAB 17\Debug\link.4080.write.1.tlog
c:\Users\Chris\documents\visual studio 2012\Projects\CMPSC 122 - LAB 17\CMPSC 122 - LAB 17\Debug\link.command.1.tlog
c:\Users\Chris\documents\visual studio 2012\Projects\CMPSC 122 - LAB 17\CMPSC 122 - LAB 17\Debug\link.read.1.tlog
c:\Users\Chris\documents\visual studio 2012\Projects\CMPSC 122 - LAB 17\CMPSC 122 - LAB 17\Debug\link.write.1.tlog
c:\Users\Chris\documents\visual studio 2012\Projects\CMPSC 122 - LAB 17\CMPSC 122 - LAB 17\Debug\vc110.idb
c:\Users\Chris\documents\visual studio 2012\Projects\CMPSC 122 - LAB 17\CMPSC 122 - LAB 17\Debug\vc110.pdb
c:\users\chris\documents\visual studio 2012\Projects\CMPSC 122 - LAB 17\Debug\CMPSC 122 - LAB 17.pdb
c:\users\chris\documents\visual studio 2012\Projects\CMPSC 122 - LAB 17\Debug\CMPSC 122 - LAB 17.exe
c:\users\chris\documents\visual studio 2012\Projects\CMPSC 122 - LAB 17\Debug\CMPSC 122 - LAB 17.ilk
