C:\USERS\CHRIS\DOCUMENTS\VISUAL STUDIO 2012\PROJECTS\CMPSC122 - LAB 15\CMPSC122 - LAB 15\DEBUG\HASHTABLE.OBJ
C:\USERS\CHRIS\DOCUMENTS\VISUAL STUDIO 2012\PROJECTS\CMPSC122 - LAB 15\CMPSC122 - LAB 15\DEBUG\LAB15.OBJ
C:\USERS\CHRIS\DOCUMENTS\VISUAL STUDIO 2012\PROJECTS\CMPSC122 - LAB 15\CMPSC122 - LAB 15\DEBUG\VC110.PDB
C:\USERS\CHRIS\DOCUMENTS\VISUAL STUDIO 2012\PROJECTS\CMPSC122 - LAB 15\DEBUG\CMPSC122 - LAB 15.ILK
C:\USERS\CHRIS\DOCUMENTS\VISUAL STUDIO 2012\PROJECTS\CMPSC122 - LAB 15\DEBUG\CMPSC122 - LAB 15.EXE
C:\USERS\CHRIS\DOCUMENTS\VISUAL STUDIO 2012\PROJECTS\CMPSC122 - LAB 15\DEBUG\CMPSC122 - LAB 15.PDB
c:\Users\Chris\documents\visual studio 2012\Projects\CMPSC122 - LAB 15\CMPSC122 - LAB 15\Debug\HashTable.obj
c:\Users\Chris\documents\visual studio 2012\Projects\CMPSC122 - LAB 15\CMPSC122 - LAB 15\Debug\lab15.obj
c:\Users\Chris\documents\visual studio 2012\Projects\CMPSC122 - LAB 15\CMPSC122 - LAB 15\Debug\cl.command.1.tlog
c:\Users\Chris\documents\visual studio 2012\Projects\CMPSC122 - LAB 15\CMPSC122 - LAB 15\Debug\CL.read.1.tlog
c:\Users\Chris\documents\visual studio 2012\Projects\CMPSC122 - LAB 15\CMPSC122 - LAB 15\Debug\CL.write.1.tlog
c:\Users\Chris\documents\visual studio 2012\Projects\CMPSC122 - LAB 15\CMPSC122 - LAB 15\Debug\link-cvtres.read.1.tlog
c:\Users\Chris\documents\visual studio 2012\Projects\CMPSC122 - LAB 15\CMPSC122 - LAB 15\Debug\link-cvtres.write.1.tlog
c:\Users\Chris\documents\visual studio 2012\Projects\CMPSC122 - LAB 15\CMPSC122 - LAB 15\Debug\link-rc.read.1.tlog
c:\Users\Chris\documents\visual studio 2012\Projects\CMPSC122 - LAB 15\CMPSC122 - LAB 15\Debug\link-rc.write.1.tlog
c:\Users\Chris\documents\visual studio 2012\Projects\CMPSC122 - LAB 15\CMPSC122 - LAB 15\Debug\link.command.1.tlog
c:\Users\Chris\documents\visual studio 2012\Projects\CMPSC122 - LAB 15\CMPSC122 - LAB 15\Debug\link.read.1.tlog
c:\Users\Chris\documents\visual studio 2012\Projects\CMPSC122 - LAB 15\CMPSC122 - LAB 15\Debug\link.write.1.tlog
c:\Users\Chris\documents\visual studio 2012\Projects\CMPSC122 - LAB 15\CMPSC122 - LAB 15\Debug\vc110.idb
c:\Users\Chris\documents\visual studio 2012\Projects\CMPSC122 - LAB 15\CMPSC122 - LAB 15\Debug\vc110.pdb
c:\users\chris\documents\visual studio 2012\Projects\CMPSC122 - LAB 15\Debug\CMPSC122 - LAB 15.pdb
c:\users\chris\documents\visual studio 2012\Projects\CMPSC122 - LAB 15\Debug\CMPSC122 - LAB 15.exe
c:\users\chris\documents\visual studio 2012\Projects\CMPSC122 - LAB 15\Debug\CMPSC122 - LAB 15.ilk
