C:\USERS\CHRIS\DOCUMENTS\VISUAL STUDIO 2012\PROJECTS\CMPSC 122 - LAB 2 - HISTOGRAM\CMPSC 122 - LAB 2 - HISTOGRAM\DEBUG\HISTOGRAM.OBJ
C:\USERS\CHRIS\DOCUMENTS\VISUAL STUDIO 2012\PROJECTS\CMPSC 122 - LAB 2 - HISTOGRAM\CMPSC 122 - LAB 2 - HISTOGRAM\DEBUG\VC110.PDB
C:\USERS\CHRIS\DOCUMENTS\VISUAL STUDIO 2012\PROJECTS\CMPSC 122 - LAB 2 - HISTOGRAM\DEBUG\CMPSC 122 - LAB 2 - HISTOGRAM.ILK
C:\USERS\CHRIS\DOCUMENTS\VISUAL STUDIO 2012\PROJECTS\CMPSC 122 - LAB 2 - HISTOGRAM\DEBUG\CMPSC 122 - LAB 2 - HISTOGRAM.EXE
C:\USERS\CHRIS\DOCUMENTS\VISUAL STUDIO 2012\PROJECTS\CMPSC 122 - LAB 2 - HISTOGRAM\DEBUG\CMPSC 122 - LAB 2 - HISTOGRAM.PDB
c:\Users\Chris\documents\visual studio 2012\Projects\CMPSC 122 - Lab 2 - Histogram\CMPSC 122 - Lab 2 - Histogram\Debug\histogram.obj
c:\Users\Chris\documents\visual studio 2012\Projects\CMPSC 122 - Lab 2 - Histogram\CMPSC 122 - Lab 2 - Histogram\Debug\cl.command.1.tlog
c:\Users\Chris\documents\visual studio 2012\Projects\CMPSC 122 - Lab 2 - Histogram\CMPSC 122 - Lab 2 - Histogram\Debug\CL.read.1.tlog
c:\Users\Chris\documents\visual studio 2012\Projects\CMPSC 122 - Lab 2 - Histogram\CMPSC 122 - Lab 2 - Histogram\Debug\CL.write.1.tlog
c:\Users\Chris\documents\visual studio 2012\Projects\CMPSC 122 - Lab 2 - Histogram\CMPSC 122 - Lab 2 - Histogram\Debug\link-cvtres.read.1.tlog
c:\Users\Chris\documents\visual studio 2012\Projects\CMPSC 122 - Lab 2 - Histogram\CMPSC 122 - Lab 2 - Histogram\Debug\link-cvtres.write.1.tlog
c:\Users\Chris\documents\visual studio 2012\Projects\CMPSC 122 - Lab 2 - Histogram\CMPSC 122 - Lab 2 - Histogram\Debug\link-rc.read.1.tlog
c:\Users\Chris\documents\visual studio 2012\Projects\CMPSC 122 - Lab 2 - Histogram\CMPSC 122 - Lab 2 - Histogram\Debug\link-rc.write.1.tlog
c:\Users\Chris\documents\visual studio 2012\Projects\CMPSC 122 - Lab 2 - Histogram\CMPSC 122 - Lab 2 - Histogram\Debug\link.command.1.tlog
c:\Users\Chris\documents\visual studio 2012\Projects\CMPSC 122 - Lab 2 - Histogram\CMPSC 122 - Lab 2 - Histogram\Debug\link.read.1.tlog
c:\Users\Chris\documents\visual studio 2012\Projects\CMPSC 122 - Lab 2 - Histogram\CMPSC 122 - Lab 2 - Histogram\Debug\link.write.1.tlog
c:\Users\Chris\documents\visual studio 2012\Projects\CMPSC 122 - Lab 2 - Histogram\CMPSC 122 - Lab 2 - Histogram\Debug\vc110.idb
c:\Users\Chris\documents\visual studio 2012\Projects\CMPSC 122 - Lab 2 - Histogram\CMPSC 122 - Lab 2 - Histogram\Debug\vc110.pdb
c:\users\chris\documents\visual studio 2012\Projects\CMPSC 122 - Lab 2 - Histogram\Debug\CMPSC 122 - Lab 2 - Histogram.pdb
c:\users\chris\documents\visual studio 2012\Projects\CMPSC 122 - Lab 2 - Histogram\Debug\CMPSC 122 - Lab 2 - Histogram.exe
c:\users\chris\documents\visual studio 2012\Projects\CMPSC 122 - Lab 2 - Histogram\Debug\CMPSC 122 - Lab 2 - Histogram.ilk
