C:\USERS\CHRIS\DOCUMENTS\VISUAL STUDIO 2012\PROJECTS\CMPSC 122 - LAB 8\CMPSC 122 - LAB 8\DEBUG\TC_TEST_DRIVER.OBJ
C:\USERS\CHRIS\DOCUMENTS\VISUAL STUDIO 2012\PROJECTS\CMPSC 122 - LAB 8\CMPSC 122 - LAB 8\DEBUG\TIMECARD.OBJ
C:\USERS\CHRIS\DOCUMENTS\VISUAL STUDIO 2012\PROJECTS\CMPSC 122 - LAB 8\CMPSC 122 - LAB 8\DEBUG\VC110.PDB
C:\USERS\CHRIS\DOCUMENTS\VISUAL STUDIO 2012\PROJECTS\CMPSC 122 - LAB 8\DEBUG\CMPSC 122 - LAB 8.ILK
C:\USERS\CHRIS\DOCUMENTS\VISUAL STUDIO 2012\PROJECTS\CMPSC 122 - LAB 8\DEBUG\CMPSC 122 - LAB 8.EXE
C:\USERS\CHRIS\DOCUMENTS\VISUAL STUDIO 2012\PROJECTS\CMPSC 122 - LAB 8\DEBUG\CMPSC 122 - LAB 8.PDB
C:\Users\Chris\documents\visual studio 2012\Projects\CMPSC 122 - LAB 8\CMPSC 122 - LAB 8\Debug\TC_Test_Driver.obj
C:\Users\Chris\documents\visual studio 2012\Projects\CMPSC 122 - LAB 8\CMPSC 122 - LAB 8\Debug\TimeCard.obj
C:\Users\Chris\documents\visual studio 2012\Projects\CMPSC 122 - LAB 8\CMPSC 122 - LAB 8\Debug\cl.command.1.tlog
C:\Users\Chris\documents\visual studio 2012\Projects\CMPSC 122 - LAB 8\CMPSC 122 - LAB 8\Debug\CL.read.1.tlog
C:\Users\Chris\documents\visual studio 2012\Projects\CMPSC 122 - LAB 8\CMPSC 122 - LAB 8\Debug\CL.write.1.tlog
C:\Users\Chris\documents\visual studio 2012\Projects\CMPSC 122 - LAB 8\CMPSC 122 - LAB 8\Debug\link-cvtres.read.1.tlog
C:\Users\Chris\documents\visual studio 2012\Projects\CMPSC 122 - LAB 8\CMPSC 122 - LAB 8\Debug\link-cvtres.write.1.tlog
C:\Users\Chris\documents\visual studio 2012\Projects\CMPSC 122 - LAB 8\CMPSC 122 - LAB 8\Debug\link-rc.read.1.tlog
C:\Users\Chris\documents\visual studio 2012\Projects\CMPSC 122 - LAB 8\CMPSC 122 - LAB 8\Debug\link-rc.write.1.tlog
C:\Users\Chris\documents\visual studio 2012\Projects\CMPSC 122 - LAB 8\CMPSC 122 - LAB 8\Debug\link.4180-cvtres.read.1.tlog
C:\Users\Chris\documents\visual studio 2012\Projects\CMPSC 122 - LAB 8\CMPSC 122 - LAB 8\Debug\link.4180-cvtres.write.1.tlog
C:\Users\Chris\documents\visual studio 2012\Projects\CMPSC 122 - LAB 8\CMPSC 122 - LAB 8\Debug\link.4180-rc.read.1.tlog
C:\Users\Chris\documents\visual studio 2012\Projects\CMPSC 122 - LAB 8\CMPSC 122 - LAB 8\Debug\link.4180-rc.write.1.tlog
C:\Users\Chris\documents\visual studio 2012\Projects\CMPSC 122 - LAB 8\CMPSC 122 - LAB 8\Debug\link.4180.read.1.tlog
C:\Users\Chris\documents\visual studio 2012\Projects\CMPSC 122 - LAB 8\CMPSC 122 - LAB 8\Debug\link.4180.write.1.tlog
C:\Users\Chris\documents\visual studio 2012\Projects\CMPSC 122 - LAB 8\CMPSC 122 - LAB 8\Debug\link.4584-cvtres.read.1.tlog
C:\Users\Chris\documents\visual studio 2012\Projects\CMPSC 122 - LAB 8\CMPSC 122 - LAB 8\Debug\link.4584-cvtres.write.1.tlog
C:\Users\Chris\documents\visual studio 2012\Projects\CMPSC 122 - LAB 8\CMPSC 122 - LAB 8\Debug\link.4584-rc.read.1.tlog
C:\Users\Chris\documents\visual studio 2012\Projects\CMPSC 122 - LAB 8\CMPSC 122 - LAB 8\Debug\link.4584-rc.write.1.tlog
C:\Users\Chris\documents\visual studio 2012\Projects\CMPSC 122 - LAB 8\CMPSC 122 - LAB 8\Debug\link.4584.read.1.tlog
C:\Users\Chris\documents\visual studio 2012\Projects\CMPSC 122 - LAB 8\CMPSC 122 - LAB 8\Debug\link.4584.write.1.tlog
C:\Users\Chris\documents\visual studio 2012\Projects\CMPSC 122 - LAB 8\CMPSC 122 - LAB 8\Debug\link.5468-cvtres.read.1.tlog
C:\Users\Chris\documents\visual studio 2012\Projects\CMPSC 122 - LAB 8\CMPSC 122 - LAB 8\Debug\link.5468-cvtres.write.1.tlog
C:\Users\Chris\documents\visual studio 2012\Projects\CMPSC 122 - LAB 8\CMPSC 122 - LAB 8\Debug\link.5468-rc.read.1.tlog
C:\Users\Chris\documents\visual studio 2012\Projects\CMPSC 122 - LAB 8\CMPSC 122 - LAB 8\Debug\link.5468-rc.write.1.tlog
C:\Users\Chris\documents\visual studio 2012\Projects\CMPSC 122 - LAB 8\CMPSC 122 - LAB 8\Debug\link.5468.read.1.tlog
C:\Users\Chris\documents\visual studio 2012\Projects\CMPSC 122 - LAB 8\CMPSC 122 - LAB 8\Debug\link.5468.write.1.tlog
C:\Users\Chris\documents\visual studio 2012\Projects\CMPSC 122 - LAB 8\CMPSC 122 - LAB 8\Debug\link.command.1.tlog
C:\Users\Chris\documents\visual studio 2012\Projects\CMPSC 122 - LAB 8\CMPSC 122 - LAB 8\Debug\link.read.1.tlog
C:\Users\Chris\documents\visual studio 2012\Projects\CMPSC 122 - LAB 8\CMPSC 122 - LAB 8\Debug\link.write.1.tlog
C:\Users\Chris\documents\visual studio 2012\Projects\CMPSC 122 - LAB 8\CMPSC 122 - LAB 8\Debug\vc110.idb
C:\Users\Chris\documents\visual studio 2012\Projects\CMPSC 122 - LAB 8\CMPSC 122 - LAB 8\Debug\vc110.pdb
C:\Users\Chris\documents\visual studio 2012\Projects\CMPSC 122 - LAB 8\Debug\CMPSC 122 - LAB 8.pdb
C:\Users\Chris\documents\visual studio 2012\Projects\CMPSC 122 - LAB 8\Debug\CMPSC 122 - LAB 8.exe
C:\Users\Chris\documents\visual studio 2012\Projects\CMPSC 122 - LAB 8\Debug\CMPSC 122 - LAB 8.ilk
