C:\USERS\CHRIS\DOCUMENTS\VISUAL STUDIO 2012\PROJECTS\CMPSC 122 - LAB 11\CMPSC 122 - LAB 11\DEBUG\LAB11.OBJ
C:\USERS\CHRIS\DOCUMENTS\VISUAL STUDIO 2012\PROJECTS\CMPSC 122 - LAB 11\CMPSC 122 - LAB 11\DEBUG\VC110.PDB
C:\USERS\CHRIS\DOCUMENTS\VISUAL STUDIO 2012\PROJECTS\CMPSC 122 - LAB 11\DEBUG\CMPSC 122 - LAB 11.ILK
C:\USERS\CHRIS\DOCUMENTS\VISUAL STUDIO 2012\PROJECTS\CMPSC 122 - LAB 11\DEBUG\CMPSC 122 - LAB 11.EXE
C:\USERS\CHRIS\DOCUMENTS\VISUAL STUDIO 2012\PROJECTS\CMPSC 122 - LAB 11\DEBUG\CMPSC 122 - LAB 11.PDB
c:\Users\Chris\documents\visual studio 2012\Projects\CMPSC 122 - LAB 11\CMPSC 122 - LAB 11\Debug\lab11.obj
c:\Users\Chris\documents\visual studio 2012\Projects\CMPSC 122 - LAB 11\CMPSC 122 - LAB 11\Debug\cl.command.1.tlog
c:\Users\Chris\documents\visual studio 2012\Projects\CMPSC 122 - LAB 11\CMPSC 122 - LAB 11\Debug\CL.read.1.tlog
c:\Users\Chris\documents\visual studio 2012\Projects\CMPSC 122 - LAB 11\CMPSC 122 - LAB 11\Debug\CL.write.1.tlog
c:\Users\Chris\documents\visual studio 2012\Projects\CMPSC 122 - LAB 11\CMPSC 122 - LAB 11\Debug\link-cvtres.read.1.tlog
c:\Users\Chris\documents\visual studio 2012\Projects\CMPSC 122 - LAB 11\CMPSC 122 - LAB 11\Debug\link-cvtres.write.1.tlog
c:\Users\Chris\documents\visual studio 2012\Projects\CMPSC 122 - LAB 11\CMPSC 122 - LAB 11\Debug\link-rc.read.1.tlog
c:\Users\Chris\documents\visual studio 2012\Projects\CMPSC 122 - LAB 11\CMPSC 122 - LAB 11\Debug\link-rc.write.1.tlog
c:\Users\Chris\documents\visual studio 2012\Projects\CMPSC 122 - LAB 11\CMPSC 122 - LAB 11\Debug\link.6940-cvtres.read.1.tlog
c:\Users\Chris\documents\visual studio 2012\Projects\CMPSC 122 - LAB 11\CMPSC 122 - LAB 11\Debug\link.6940-cvtres.write.1.tlog
c:\Users\Chris\documents\visual studio 2012\Projects\CMPSC 122 - LAB 11\CMPSC 122 - LAB 11\Debug\link.6940-rc.read.1.tlog
c:\Users\Chris\documents\visual studio 2012\Projects\CMPSC 122 - LAB 11\CMPSC 122 - LAB 11\Debug\link.6940-rc.write.1.tlog
c:\Users\Chris\documents\visual studio 2012\Projects\CMPSC 122 - LAB 11\CMPSC 122 - LAB 11\Debug\link.6940.read.1.tlog
c:\Users\Chris\documents\visual studio 2012\Projects\CMPSC 122 - LAB 11\CMPSC 122 - LAB 11\Debug\link.6940.write.1.tlog
c:\Users\Chris\documents\visual studio 2012\Projects\CMPSC 122 - LAB 11\CMPSC 122 - LAB 11\Debug\link.command.1.tlog
c:\Users\Chris\documents\visual studio 2012\Projects\CMPSC 122 - LAB 11\CMPSC 122 - LAB 11\Debug\link.read.1.tlog
c:\Users\Chris\documents\visual studio 2012\Projects\CMPSC 122 - LAB 11\CMPSC 122 - LAB 11\Debug\link.write.1.tlog
c:\Users\Chris\documents\visual studio 2012\Projects\CMPSC 122 - LAB 11\CMPSC 122 - LAB 11\Debug\vc110.idb
c:\Users\Chris\documents\visual studio 2012\Projects\CMPSC 122 - LAB 11\CMPSC 122 - LAB 11\Debug\vc110.pdb
c:\users\chris\documents\visual studio 2012\Projects\CMPSC 122 - LAB 11\Debug\CMPSC 122 - LAB 11.pdb
c:\users\chris\documents\visual studio 2012\Projects\CMPSC 122 - LAB 11\Debug\CMPSC 122 - LAB 11.exe
c:\users\chris\documents\visual studio 2012\Projects\CMPSC 122 - LAB 11\Debug\CMPSC 122 - LAB 11.ilk
